<?xml version="1.0" encoding="UTF-8"?>
<!-- Generated by org.testng.reporters.JUnitReportReporter -->
<testsuite hostname="Naders-MacBook-Pro.local" failures="0" tests="3" name="news.NewsPageTests" time="59.958" errors="0" timestamp="15 Jun 2020 23:56:12 GMT" skipped="0">
  <testcase classname="news.NewsPageTests" name="isNewsPage" time="17.939"/>
  <testcase classname="news.NewsPageTests" name="isNewsPage" time="17.952"/>
  <testcase classname="news.NewsPageTests" name="isNewsPage" time="24.067"/>
</testsuite> <!-- news.NewsPageTests -->
