<?xml version="1.0" encoding="UTF-8"?>
<!-- Generated by org.testng.reporters.JUnitReportReporter -->
<testsuite hostname="Naders-MacBook-Pro.local" failures="0" tests="1" name="news.NewsPageTests" time="11.601" errors="0" timestamp="15 Jun 2020 23:37:09 GMT" skipped="0">
  <testcase classname="news.NewsPageTests" name="isNewsPage" time="11.601"/>
</testsuite> <!-- news.NewsPageTests -->
