<?xml version="1.0" encoding="UTF-8"?>
<!-- Generated by org.testng.reporters.JUnitReportReporter -->
<testsuite hostname="Naders-MacBook-Pro.local" failures="0" tests="6" name="news.NewsPageTests" time="69.869" errors="0" timestamp="20 Jun 2020 21:54:55 GMT" skipped="0">
  <testcase classname="news.NewsPageTests" name="addNewNews" time="14.165"/>
  <testcase classname="news.NewsPageTests" name="addNewNews" time="11.827"/>
  <testcase classname="news.NewsPageTests" name="isNewsPage" time="5.181"/>
  <testcase classname="news.NewsPageTests" name="addNewNews" time="9.428"/>
  <testcase classname="news.NewsPageTests" name="isNewsPage" time="20.110"/>
  <testcase classname="news.NewsPageTests" name="isNewsPage" time="9.158"/>
</testsuite> <!-- news.NewsPageTests -->
